\BOOKMARK [0][-]{section*.3}{\376\377\004\022\004\062\004\065\004\064\004\065\004\075\004\070\004\065}{}% 1
\BOOKMARK [0][-]{chapter.1}{\376\377\004\020\004\075\004\060\004\073\004\070\004\102\004\070\004\107\004\065\004\101\004\072\004\070\004\071\000\040\004\100\004\060\004\067\004\064\004\065\004\073}{}% 2
\BOOKMARK [1][-]{section.1.1}{\376\377\004\037\004\076\004\101\004\102\004\060\004\075\004\076\004\062\004\072\004\060\000\040\004\067\004\060\004\064\004\060\004\107\004\070}{chapter.1}% 3
\BOOKMARK [1][-]{section.1.2}{\376\377\004\046\004\065\004\073\004\114\000\040\004\070\000\040\004\100\004\065\004\110\004\060\004\065\004\074\004\113\004\065\000\040\004\067\004\060\004\064\004\060\004\107\004\070}{chapter.1}% 4
\BOOKMARK [1][-]{section.1.3}{\376\377\004\020\004\075\004\060\004\073\004\070\004\067\000\040\004\077\004\100\004\065\004\064\004\074\004\065\004\102\004\075\004\076\004\071\000\040\004\076\004\061\004\073\004\060\004\101\004\102\004\070}{chapter.1}% 5
\BOOKMARK [2][-]{subsection.1.3.1}{\376\377\004\055\004\073\004\065\004\072\004\102\004\100\004\076\004\075\004\075\004\076\004\065\000\040\004\077\004\070\004\101\004\114\004\074\004\076}{section.1.3}% 6
\BOOKMARK [2][-]{subsection.1.3.2}{\376\377\004\037\004\076\004\064\004\077\004\070\004\101\004\114\000\040\004\062\000\040\004\115\004\073\004\065\004\072\004\102\004\100\004\076\004\075\004\075\004\113\004\105\000\040\004\077\004\070\004\101\004\114\004\074\004\060\004\105}{section.1.3}% 7
\BOOKMARK [2][-]{subsection.1.3.3}{\376\377\004\022\004\113\004\062\004\076\004\064\004\113}{section.1.3}% 8
\BOOKMARK [1][-]{section.1.4}{\376\377\004\032\004\076\004\074\004\077\004\114\004\116\004\102\004\065\004\100\004\075\004\060\004\117\000\040\004\073\004\070\004\075\004\063\004\062\004\070\004\101\004\102\004\070\004\072\004\060\000:\000\040\004\067\004\060\004\064\004\060\004\107\004\070\000\040\004\070\000\040\004\076\004\101\004\075\004\076\004\062\004\075\004\113\004\065\000\040\004\075\004\060\004\077\004\100\004\060\004\062\004\073\004\065\004\075\004\070\004\117}{chapter.1}% 9
\BOOKMARK [1][-]{section.1.5}{\376\377\004\020\004\075\004\060\004\073\004\070\004\067\000\040\004\101\004\103\004\111\004\065\004\101\004\102\004\062\004\103\004\116\004\111\004\070\004\105\000\040\004\077\004\076\004\064\004\105\004\076\004\064\004\076\004\062\000\040\004\070\000\040\004\074\004\065\004\102\004\076\004\064\004\076\004\062\000\040\004\072\004\073\004\060\004\101\004\101\004\070\004\104\004\070\004\072\004\060\004\106\004\070\004\070\000\040\004\102\004\065\004\072\004\101\004\102\004\076\004\062\000\040\004\075\004\060\000\040\004\065\004\101\004\102\004\065\004\101\004\102\004\062\004\065\004\075\004\075\004\076\004\074\000\040\004\117\004\067\004\113\004\072\004\065}{chapter.1}% 10
\BOOKMARK [2][-]{subsection.1.5.1}{\376\377\004\037\004\100\004\065\004\064\004\062\004\060\004\100\004\070\004\102\004\065\004\073\004\114\004\075\004\060\004\117\000\040\004\076\004\061\004\100\004\060\004\061\004\076\004\102\004\072\004\060\000\040\004\064\004\060\004\075\004\075\004\113\004\105}{section.1.5}% 11
\BOOKMARK [2][-]{subsection.1.5.2}{\376\377\004\020\004\073\004\063\004\076\004\100\004\070\004\102\004\074\004\113\000\040\004\072\004\073\004\060\004\101\004\101\004\070\004\104\004\070\004\072\004\060\004\106\004\070\004\070}{section.1.5}% 12
\BOOKMARK [2][-]{subsection.1.5.3}{\376\377\004\037\004\060\004\100\004\060\004\074\004\065\004\102\004\100\004\113\000\040\004\064\004\073\004\117\000\040\004\076\004\106\004\065\004\075\004\072\004\070\000\040\004\072\004\060\004\107\004\065\004\101\004\102\004\062\004\060\000\040\004\100\004\060\004\061\004\076\004\102\004\113\000\040\004\072\004\073\004\060\004\101\004\101\004\070\004\104\004\070\004\072\004\060\004\102\004\076\004\100\004\060}{section.1.5}% 13
\BOOKMARK [1][-]{section.1.6}{\376\377\004\022\004\113\004\062\004\076\004\064\004\113}{chapter.1}% 14
\BOOKMARK [0][-]{chapter.2}{\376\377\004\032\004\076\004\075\004\101\004\102\004\100\004\103\004\072\004\102\004\076\004\100\004\101\004\072\004\070\004\071\000\040\004\100\004\060\004\067\004\064\004\065\004\073}{}% 15
\BOOKMARK [1][-]{section.2.1}{\376\377\004\022\004\113\004\077\004\076\004\073\004\075\004\117\004\065\004\074\004\113\004\065\000\040\004\067\004\060\004\064\004\060\004\107\004\070}{chapter.2}% 16
\BOOKMARK [1][-]{section.2.2}{\376\377\004\037\004\076\004\073\004\103\004\107\004\065\004\075\004\070\004\065\000\040\004\102\004\065\004\072\004\101\004\102\004\060\000\040\004\115\004\073\004\065\004\072\004\102\004\100\004\076\004\075\004\075\004\076\004\063\004\076\000\040\004\077\004\070\004\101\004\114\004\074\004\060}{chapter.2}% 17
\BOOKMARK [1][-]{section.2.3}{\376\377\004\037\004\100\004\065\004\076\004\061\004\100\004\060\004\067\004\076\004\062\004\060\004\075\004\070\004\065\000\040\004\101\004\102\004\100\004\076\004\072\000\040\004\077\004\070\004\101\004\114\004\074\004\060\000\040\004\062\000\040\004\104\004\076\004\100\004\074\004\103\000\040\004\062\004\065\004\072\004\102\004\076\004\100\004\076\004\062\000\040\004\077\004\100\004\070\004\067\004\075\004\060\004\072\004\076\004\062}{chapter.2}% 18
\BOOKMARK [1][-]{section.2.4}{\376\377\004\032\004\073\004\060\004\101\004\101\004\070\004\104\004\070\004\072\004\060\004\106\004\070\004\117\000\040\004\062\004\065\004\072\004\102\004\076\004\100\004\076\004\062\000\040\004\077\004\100\004\070\004\067\004\075\004\060\004\072\004\076\004\062}{chapter.2}% 19
\BOOKMARK [2][-]{subsection.2.4.1}{\376\377\004\036\004\077\004\070\004\101\004\060\004\075\004\070\004\065\000\040\004\076\004\061\004\103\004\107\004\060\004\116\004\111\004\065\004\071\000\040\004\062\004\113\004\061\004\076\004\100\004\072\004\070\000\040\004\064\004\060\004\075\004\075\004\113\004\105}{section.2.4}% 20
\BOOKMARK [2][-]{subsection.2.4.2}{\376\377\004\036\004\061\004\103\004\107\004\065\004\075\004\070\004\065\000\040\004\072\004\073\004\060\004\101\004\101\004\070\004\104\004\070\004\072\004\060\004\102\004\076\004\100\004\060}{section.2.4}% 21
\BOOKMARK [1][-]{section.2.5}{\376\377\004\041\004\102\004\100\004\103\004\072\004\102\004\103\004\100\004\060\000\040\004\077\004\100\004\076\004\063\004\100\004\060\004\074\004\074\004\113}{chapter.2}% 22
\BOOKMARK [1][-]{section.2.6}{\376\377\004\022\004\113\004\062\004\076\004\064\004\113}{chapter.2}% 23
\BOOKMARK [0][-]{chapter.3}{\376\377\004\042\004\065\004\105\004\075\004\076\004\073\004\076\004\063\004\070\004\107\004\065\004\101\004\072\004\070\004\071\000\040\004\100\004\060\004\067\004\064\004\065\004\073}{}% 24
\BOOKMARK [1][-]{section.3.1}{\376\377\004\022\004\113\004\061\004\076\004\100\000\040\004\101\004\100\004\065\004\064\004\101\004\102\004\062\000\040\004\070\000\040\004\070\004\075\004\101\004\102\004\100\004\103\004\074\004\065\004\075\004\102\004\076\004\062\000\040\004\100\004\060\004\067\004\100\004\060\004\061\004\076\004\102\004\072\004\070}{chapter.3}% 25
\BOOKMARK [2][-]{subsection.3.1.1}{\376\377\004\022\004\113\004\061\004\076\004\100\000\040\004\117\004\067\004\113\004\072\004\060\000\040\004\077\004\100\004\076\004\063\004\100\004\060\004\074\004\074\004\070\004\100\004\076\004\062\004\060\004\075\004\070\004\117}{section.3.1}% 26
\BOOKMARK [2][-]{subsection.3.1.2}{\376\377\004\022\004\113\004\061\004\076\004\100\000\040\004\101\004\100\004\065\004\064\004\113\000\040\004\100\004\060\004\067\004\100\004\060\004\061\004\076\004\102\004\072\004\070}{section.3.1}% 27
\BOOKMARK [2][-]{subsection.3.1.3}{\376\377\004\022\004\113\004\061\004\076\004\100\000\040\004\061\004\060\004\067\004\113\000\040\004\064\004\060\004\075\004\075\004\113\004\105}{section.3.1}% 28
\BOOKMARK [2][-]{subsection.3.1.4}{\376\377\004\041\004\070\004\101\004\102\004\065\004\074\004\060\000\040\004\072\004\076\004\075\004\102\004\100\004\076\004\073\004\117\000\040\004\062\004\065\004\100\004\101\004\070\004\071}{section.3.1}% 29
\BOOKMARK [1][-]{section.3.2}{\376\377\004\036\004\077\004\070\004\101\004\060\004\075\004\070\004\065\000\040\004\070\004\101\004\077\004\076\004\073\004\114\004\067\004\103\004\065\004\074\004\113\004\105\000\040\004\061\004\070\004\061\004\073\004\070\004\076\004\102\004\065\004\072}{chapter.3}% 30
\BOOKMARK [2][-]{subsection.3.2.1}{\376\377\004\021\004\070\004\061\004\073\004\070\004\076\004\102\004\065\004\072\004\060\000\040\004\064\004\073\004\117\000\040\004\100\004\060\004\061\004\076\004\102\004\113\000\040\004\101\000\040\004\061\004\060\004\067\004\060\004\074\004\070\000\040\004\064\004\060\004\075\004\075\004\113\004\105}{section.3.2}% 31
\BOOKMARK [2][-]{subsection.3.2.2}{\376\377\004\021\004\070\004\061\004\073\004\070\004\076\004\102\004\065\004\072\004\060\000\040\004\064\004\073\004\117\000\040\004\063\004\100\004\060\004\104\004\070\004\107\004\065\004\101\004\072\004\076\004\063\004\076\000\040\004\070\004\075\004\102\004\065\004\100\004\104\004\065\004\071\004\101\004\060}{section.3.2}% 32
\BOOKMARK [2][-]{subsection.3.2.3}{\376\377\004\021\004\070\004\061\004\073\004\070\004\076\004\102\004\065\004\072\004\060\000\040\004\064\004\073\004\117\000\040\004\074\004\060\004\110\004\070\004\075\004\075\004\076\004\063\004\076\000\040\004\076\004\061\004\103\004\107\004\065\004\075\004\070\004\117}{section.3.2}% 33
\BOOKMARK [1][-]{section.3.3}{\376\377\004\036\004\077\004\070\004\101\004\060\004\075\004\070\004\065\000\040\004\072\004\073\004\060\004\101\004\101\004\076\004\062}{chapter.3}% 34
\BOOKMARK [1][-]{section.3.4}{\376\377\004\042\004\100\004\065\004\061\004\076\004\062\004\060\004\075\004\070\004\117\000\040\004\072\000\040\004\101\004\070\004\101\004\102\004\065\004\074\004\065\000\040\004\077\004\076\004\073\004\114\004\067\004\076\004\062\004\060\004\102\004\065\004\073\004\117}{chapter.3}% 35
\BOOKMARK [1][-]{section.3.5}{\376\377\004\042\004\065\004\101\004\102\004\070\004\100\004\076\004\062\004\060\004\075\004\070\004\065\000\040\004\037\004\036}{chapter.3}% 36
\BOOKMARK [1][-]{section.3.6}{\376\377\004\036\004\077\004\070\004\101\004\060\004\075\004\070\004\065\000\040\004\077\004\076\004\073\004\114\004\067\004\076\004\062\004\060\004\102\004\065\004\073\004\114\004\101\004\072\004\076\004\063\004\076\000\040\004\077\004\100\004\070\004\073\004\076\004\066\004\065\004\075\004\070\004\117}{chapter.3}% 37
\BOOKMARK [1][-]{section.3.7}{\376\377\004\022\004\113\004\062\004\076\004\064\004\113}{chapter.3}% 38
\BOOKMARK [0][-]{chapter.4}{\376\377\004\055\004\072\004\101\004\077\004\065\004\100\004\070\004\074\004\065\004\075\004\102\004\060\004\073\004\114\004\075\004\113\004\071\000\040\004\100\004\060\004\067\004\064\004\065\004\073}{}% 39
\BOOKMARK [1][-]{section.4.1}{\376\377\004\020\004\073\004\063\004\076\004\100\004\070\004\102\004\074\000\040\004\076\004\077\004\076\004\100\004\075\004\113\004\105\000\040\004\062\004\065\004\072\004\102\004\076\004\100\004\076\004\062}{chapter.4}% 40
\BOOKMARK [1][-]{section.4.2}{\376\377\004\020\004\073\004\063\004\076\004\100\004\070\004\102\004\074\000\040\000k\000-\004\061\004\073\004\070\004\066\004\060\004\071\004\110\004\070\004\105\000\040\004\101\004\076\004\101\004\065\004\064\004\065\004\071}{chapter.4}% 41
\BOOKMARK [1][-]{section.4.3}{\376\377\004\041\004\100\004\060\004\062\004\075\004\065\004\075\004\070\004\065\000\040\004\060\004\073\004\063\004\076\004\100\004\070\004\102\004\074\004\076\004\062\000\040\004\072\004\073\004\060\004\101\004\101\004\070\004\104\004\070\004\072\004\060\004\106\004\070\004\070}{chapter.4}% 42
\BOOKMARK [1][-]{section.4.4}{\376\377\004\022\004\113\004\062\004\076\004\064\004\113}{chapter.4}% 43
\BOOKMARK [0][-]{section*.27}{\376\377\004\027\004\060\004\072\004\073\004\116\004\107\004\065\004\075\004\070\004\065}{}% 44
\BOOKMARK [0][-]{section*.28}{\376\377\004\041\004\077\004\070\004\101\004\076\004\072\000\040\000\040\004\070\004\101\004\077\004\076\004\073\004\114\004\067\004\076\004\062\004\060\004\075\004\075\004\113\004\105\000\040\000\040\004\070\004\101\004\102\004\076\004\107\004\075\004\070\004\072\004\076\004\062}{}% 45
\BOOKMARK [0][-]{appendix.A}{\376\377\004\040\004\065\004\063\004\103\004\073\004\117\004\100\004\075\004\113\004\065\000\040\004\062\004\113\004\100\004\060\004\066\004\065\004\075\004\070\004\117\000,\000\040\004\070\004\101\004\077\004\076\004\073\004\114\004\067\004\103\004\065\004\074\004\113\004\065\000\040\004\064\004\073\004\117\000\040\004\062\004\113\004\064\004\065\004\073\004\065\004\075\004\070\004\117\000\040\004\077\004\100\004\070\004\067\004\075\004\060\004\072\004\076\004\062}{}% 46
